
running 8 tests
test span::start_and_len_span::tests::from_lo_len ... ok
test symbols::e::tests::e_from ... ok
test span::start_and_len_span::tests::from_lo_hi ... ok
test span::start_and_len_span::tests::merge_lhs_and_rhs ... ok
test symbols::terminal::slice_terminal::tests::convert ... ok
test symbols::terminal::str_terminal::tests::convert ... ok
test symbols::terminal::u8slice_terminal::tests::convert ... ok
test rules::tests::rules ... ok

test result: ok. 8 passed; 0 failed; 0 ignored; 0 measured; 0 filtered out; finished in 0.00s


running 1 test
test number ... ok

test result: ok. 1 passed; 0 failed; 0 ignored; 0 measured; 0 filtered out; finished in 0.00s


running 1 test
test parentheses ... ok

test result: ok. 1 passed; 0 failed; 0 ignored; 0 measured; 0 filtered out; finished in 0.00s


running 1 test
test wav_riff ... ok

test result: ok. 1 passed; 0 failed; 0 ignored; 0 measured; 0 filtered out; finished in 0.00s


running 1 test
test mplg::parse::tests::mplg ... FAILED

failures:

---- mplg::parse::tests::mplg stdout ----
Mplg
Line
Line1
LineComment
Line2
Rule
Variable
Uppercase
UppercaseAToF
UppercaseAToF1
ZeroOrMoreVariableContinue
VariableContinue
Alphabet
Lowercase
LowercaseAToF
LowercaseAToF1
LowercaseAToF2
LowercaseAToF3
LowercaseAToF4
LowercaseAToF5
LowercaseAToF6
Lowercase1
Lowercase2
Lowercase3
Lowercase4
Lowercase5
Lowercase6
Lowercase7
Lowercase8
Lowercase9
Lowercase10
Lowercase11
Lowercase12
Lowercase13
Lowercase14
Lowercase15
Lowercase16
Lowercase17
Lowercase18
Lowercase19
Lowercase20
Uppercase
UppercaseAToF
UppercaseAToF1
UppercaseAToF2
UppercaseAToF3
UppercaseAToF4
UppercaseAToF5
UppercaseAToF6
Uppercase1
Uppercase2
Uppercase3
Uppercase4
Uppercase5
Uppercase6
Uppercase7
Uppercase8
Uppercase9
Uppercase10
Uppercase11
Uppercase12
Uppercase13
Uppercase14
Uppercase15
Uppercase16
Uppercase17
Uppercase18
Uppercase19
Uppercase20
DecDigit
OctDigit
BinDigit
OctDigit1
OctDigit2
OctDigit3
OctDigit4
OctDigit5
OctDigit6
DecDigit1
DecDigit2
Rule1
Rule2
E
TerminalSymbol
Expr
LiteralExpr
StringLiteral
StringLiteral1
InnerStringLiteral
InnerInnerStringLiteral
QuoteEscape
InnerStringLiteral
InnerInnerStringLiteral
QuoteEscape
InnerStringLiteral
InnerInnerStringLiteral
QuoteEscape
InnerStringLiteral
InnerInnerStringLiteral
QuoteEscape
InnerStringLiteral
InnerInnerStringLiteral
QuoteEscape
InnerStringLiteral
InnerInnerStringLiteral
QuoteEscape
InnerStringLiteral
InnerInnerStringLiteral
QuoteEscape
InnerStringLiteral
InnerInnerStringLiteral
QuoteEscape
InnerStringLiteral
InnerInnerStringLiteral
QuoteEscape
InnerStringLiteral
InnerInnerStringLiteral
QuoteEscape
InnerStringLiteral
InnerInnerStringLiteral
QuoteEscape
InnerStringLiteral
InnerInnerStringLiteral
QuoteEscape
InnerStringLiteral
InnerInnerStringLiteral
QuoteEscape
InnerStringLiteral
InnerInnerStringLiteral
QuoteEscape
InnerStringLiteral
InnerInnerStringLiteral
QuoteEscape
InnerStringLiteral
InnerInnerStringLiteral
QuoteEscape
InnerStringLiteral
InnerInnerStringLiteral
QuoteEscape
InnerStringLiteral
InnerInnerStringLiteral
QuoteEscape
InnerStringLiteral
InnerInnerStringLiteral
QuoteEscape
InnerStringLiteral
InnerInnerStringLiteral
QuoteEscape
InnerStringLiteral
InnerInnerStringLiteral
QuoteEscape
Variable
Uppercase
UppercaseAToF
UppercaseAToF1
UppercaseAToF2
UppercaseAToF3
UppercaseAToF4
UppercaseAToF5
UppercaseAToF6
Uppercase1
Uppercase2
Uppercase3
Uppercase4
Uppercase5
Uppercase6
Uppercase7
Uppercase8
Uppercase9
Uppercase10
Uppercase11
Uppercase12
Uppercase13
Uppercase14
Uppercase15
Uppercase16
Uppercase17
Uppercase18
Uppercase19
Uppercase20
EndOfLine
thread 'mplg::parse::tests::mplg' panicked at 'assertion failed: result.is_ok()', packages\mpl-macro\src\mplg\parse.rs:43:13
stack backtrace:
   0:     0x7ff8a85c9e1f - <std::sys_common::backtrace::_print::DisplayBacktrace as core::fmt::Display>::fmt::h157fa6bf1896703a
   1:     0x7ff8a85f561a - core::fmt::write::hd933995fa5a3c525
   2:     0x7ff8a85bb898 - <std::io::IoSlice as core::fmt::Debug>::fmt::hb22a6129461aed2d
   3:     0x7ff8a85cd736 - std::panicking::take_hook::he9e5ebb516ae9e93
   4:     0x7ff8a85cd146 - std::panicking::take_hook::he9e5ebb516ae9e93
   5:     0x7ff8a85cdf05 - std::panicking::rust_panic_with_hook::hdfb9f2b0857b79cb
   6:     0x7ff8a85cdabf - rust_begin_unwind
   7:     0x7ff8a85ca747 - <std::sys_common::backtrace::_print::DisplayBacktrace as core::fmt::Display>::fmt::h157fa6bf1896703a
   8:     0x7ff8a85cda49 - rust_begin_unwind
   9:     0x7ff8a8629a40 - core::panicking::panic_fmt::h0e1c9b751cd7872a
  10:     0x7ff8a862998c - core::panicking::panic::hc887acba2270eb88
  11:     0x7ff6f2dd3ab1 - mpl_macro::mplg::parse::tests::mplg
                               at C:\Users\k\Desktop\k\rus_pro\mpl\packages\mpl-macro\src\mplg\parse.rs:43
  12:     0x7ff6f2dd69ee - mpl_macro::mplg::parse::tests::mplg::closure$0
                               at C:\Users\k\Desktop\k\rus_pro\mpl\packages\mpl-macro\src\mplg\parse.rs:16
  13:     0x7ff6f2dd2feb - core::ops::function::FnOnce::call_once<mpl_macro::mplg::parse::tests::mplg::closure$0,tuple$<> >
                               at /rustc/db9d1b20bba1968c1ec1fc49616d4742c1725b4b\library\core\src\ops\function.rs:227
  14:     0x7ff8d1b33526 - test::run_test::hf81dae03c200fa0c
  15:     0x7ff8d1b316df - test::run_test::hf81dae03c200fa0c
  16:     0x7ff8d1af16b1 - <unknown>
  17:     0x7ff8d1af8d90 - <unknown>
  18:     0x7ff8a85dc39c - std::sys::windows::thread::Thread::new::h5e9e6e3c717bd931
  19:     0x7ff90eed7034 - BaseThreadInitThunk
  20:     0x7ff910ec2651 - RtlUserThreadStart


failures:
    mplg::parse::tests::mplg

test result: FAILED. 0 passed; 1 failed; 0 ignored; 0 measured; 0 filtered out; finished in 0.04s

